[debug] [2022-12-12T22:00:09.535Z] ----------------------------------------------------------------------
[debug] [2022-12-12T22:00:09.537Z] Command:       C:\Program Files\nodejs\node.exe C:\Users\danii\AppData\Roaming\npm\node_modules\firebase-tools\lib\bin\firebase.js deploy
[debug] [2022-12-12T22:00:09.538Z] CLI Version:   11.18.0
[debug] [2022-12-12T22:00:09.538Z] Platform:      win32
[debug] [2022-12-12T22:00:09.538Z] Node Version:  v16.17.0
[debug] [2022-12-12T22:00:09.539Z] Time:          Mon Dec 12 2022 17:00:09 GMT-0500 (hora est치ndar de Colombia)
[debug] [2022-12-12T22:00:09.539Z] ----------------------------------------------------------------------
[debug] 
[debug] [2022-12-12T22:00:09.611Z] > command requires scopes: ["email","openid","https://www.googleapis.com/auth/cloudplatformprojects.readonly","https://www.googleapis.com/auth/firebase","https://www.googleapis.com/auth/cloud-platform"]
[debug] [2022-12-12T22:00:09.612Z] > authorizing via signed-in user (moviesappcolombia@gmail.com)
[debug] [2022-12-12T22:00:09.612Z] [iam] checking project movierapp-42f56 for permissions ["firebase.projects.get","firebasehosting.sites.update"]
[debug] [2022-12-12T22:00:09.614Z] >>> [apiv2][query] POST https://cloudresourcemanager.googleapis.com/v1/projects/movierapp-42f56:testIamPermissions [none]
[debug] [2022-12-12T22:00:09.614Z] >>> [apiv2][(partial)header] POST https://cloudresourcemanager.googleapis.com/v1/projects/movierapp-42f56:testIamPermissions x-goog-quota-user=projects/movierapp-42f56
[debug] [2022-12-12T22:00:09.614Z] >>> [apiv2][body] POST https://cloudresourcemanager.googleapis.com/v1/projects/movierapp-42f56:testIamPermissions {"permissions":["firebase.projects.get","firebasehosting.sites.update"]}
[debug] [2022-12-12T22:00:10.229Z] <<< [apiv2][status] POST https://cloudresourcemanager.googleapis.com/v1/projects/movierapp-42f56:testIamPermissions 200
[debug] [2022-12-12T22:00:10.229Z] <<< [apiv2][body] POST https://cloudresourcemanager.googleapis.com/v1/projects/movierapp-42f56:testIamPermissions {"permissions":["firebase.projects.get","firebasehosting.sites.update"]}
[debug] [2022-12-12T22:00:10.230Z] >>> [apiv2][query] GET https://firebase.googleapis.com/v1beta1/projects/movierapp-42f56 [none]
[debug] [2022-12-12T22:00:10.571Z] <<< [apiv2][status] GET https://firebase.googleapis.com/v1beta1/projects/movierapp-42f56 200
[debug] [2022-12-12T22:00:10.571Z] <<< [apiv2][body] GET https://firebase.googleapis.com/v1beta1/projects/movierapp-42f56 {"projectId":"movierapp-42f56","projectNumber":"491187299603","displayName":"movierapp","name":"projects/movierapp-42f56","resources":{"hostingSite":"movierapp-42f56","realtimeDatabaseInstance":"movierapp-42f56-default-rtdb"},"state":"ACTIVE","etag":"1_1ee3dad9-e560-4703-bb6d-a8a27eff354f"}
[debug] [2022-12-12T22:00:13.633Z] >>> [apiv2][query] GET https://firebasehosting.googleapis.com/v1beta1/projects/movierapp-42f56/sites pageToken=&pageSize=10
[debug] [2022-12-12T22:00:14.467Z] <<< [apiv2][status] GET https://firebasehosting.googleapis.com/v1beta1/projects/movierapp-42f56/sites 200
[debug] [2022-12-12T22:00:14.467Z] <<< [apiv2][body] GET https://firebasehosting.googleapis.com/v1beta1/projects/movierapp-42f56/sites {"sites":[{"name":"projects/movierapp-42f56/sites/movierapp-42f56","defaultUrl":"https://movierapp-42f56.web.app","type":"DEFAULT_SITE"}]}
[debug] [2022-12-12T22:00:14.468Z] >>> [apiv2][query] GET https://firebasehosting.googleapis.com/v1beta1/projects/movierapp-42f56/sites 
[debug] [2022-12-12T22:00:15.450Z] <<< [apiv2][status] GET https://firebasehosting.googleapis.com/v1beta1/projects/movierapp-42f56/sites 200
[debug] [2022-12-12T22:00:15.450Z] <<< [apiv2][body] GET https://firebasehosting.googleapis.com/v1beta1/projects/movierapp-42f56/sites {"sites":[{"name":"projects/movierapp-42f56/sites/movierapp-42f56","defaultUrl":"https://movierapp-42f56.web.app","type":"DEFAULT_SITE"}]}
[debug] [2022-12-12T22:00:15.452Z] >>> [apiv2][query] GET https://firebase.googleapis.com/v1beta1/projects/movierapp-42f56/webApps/-/config [none]
[debug] [2022-12-12T22:00:15.953Z] <<< [apiv2][status] GET https://firebase.googleapis.com/v1beta1/projects/movierapp-42f56/webApps/-/config 200
[debug] [2022-12-12T22:00:15.953Z] <<< [apiv2][body] GET https://firebase.googleapis.com/v1beta1/projects/movierapp-42f56/webApps/-/config {"projectId":"movierapp-42f56","appId":"1:491187299603:web:39456c2bd44531119a66e6","databaseURL":"https://movierapp-42f56-default-rtdb.firebaseio.com","storageBucket":"movierapp-42f56.appspot.com","apiKey":"AIzaSyC29ZFllnC60cwInnPFL8LCAW1DI7q_KRE","authDomain":"movierapp-42f56.firebaseapp.com","messagingSenderId":"491187299603","measurementId":"G-GDFF0D7Y39"}
[debug] [2022-12-12T22:00:49.032Z] Error: Build optimization failed: found page without a React Component as default export in 
pages/collections/styles

See https://nextjs.org/docs/messages/page-without-valid-component for more info.

    at D:\Universidad\Politecnico Colombiano Jaime Izasa Cadavid\Programaci칩n distribuida y paralela\movierapp\node_modules\next\dist\build\index.js:1129:29
    at async Span.traceAsyncFn (D:\Universidad\Politecnico Colombiano Jaime Izasa Cadavid\Programaci칩n distribuida y paralela\movierapp\node_modules\next\dist\trace\trace.js:79:20)
    at async build (D:\Universidad\Politecnico Colombiano Jaime Izasa Cadavid\Programaci칩n distribuida y paralela\movierapp\node_modules\next\dist\build\index.js:65:29)
    at async build (C:\Users\danii\AppData\Roaming\npm\node_modules\firebase-tools\lib\frameworks\next\index.js:48:5)
    at async prepareFrameworks (C:\Users\danii\AppData\Roaming\npm\node_modules\firebase-tools\lib\frameworks\index.js:243:93)
    at async deploy (C:\Users\danii\AppData\Roaming\npm\node_modules\firebase-tools\lib\deploy\index.js:53:13)
[error] 
[error] Error: An unexpected error has occurred.
